2021-09-10 16:30:17.2833||DEBUG|RSys.Api.Api.Program|Application Starting Up 
2021-09-10 16:30:20.2322||INFO|Microsoft.Hosting.Lifetime|Application started. Press Ctrl+C to shut down. 
2021-09-10 16:30:20.2454||INFO|Microsoft.Hosting.Lifetime|Hosting environment: Development 
2021-09-10 16:30:20.2454||INFO|Microsoft.Hosting.Lifetime|Content root path: D:\code\RSys.Api\RSys.Api.Api 
2021-09-10 16:31:51.8463|1|ERROR|Microsoft.AspNetCore.Diagnostics.DeveloperExceptionPageMiddleware|An unhandled exception has occurred while executing the request. System.InvalidOperationException: Unable to resolve service for type 'MediatR.IMediator' while attempting to activate 'RSys.Api.Api.Controllers.BusinessTypeController'.
   at Microsoft.Extensions.DependencyInjection.ActivatorUtilities.GetService(IServiceProvider sp, Type type, Type requiredBy, Boolean isDefaultParameterRequired)
   at lambda_method(Closure , IServiceProvider , Object[] )
   at Microsoft.AspNetCore.Mvc.Controllers.ControllerActivatorProvider.<>c__DisplayClass4_0.<CreateActivator>b__0(ControllerContext controllerContext)
   at Microsoft.AspNetCore.Mvc.Controllers.ControllerFactoryProvider.<>c__DisplayClass5_0.<CreateControllerFactory>g__CreateController|0(ControllerContext controllerContext)
   at Microsoft.AspNetCore.Mvc.Infrastructure.ControllerActionInvoker.Next(State& next, Scope& scope, Object& state, Boolean& isCompleted)
   at Microsoft.AspNetCore.Mvc.Infrastructure.ControllerActionInvoker.InvokeInnerFilterAsync()
--- End of stack trace from previous location where exception was thrown ---
   at Microsoft.AspNetCore.Mvc.Infrastructure.ResourceInvoker.<InvokeFilterPipelineAsync>g__Awaited|19_0(ResourceInvoker invoker, Task lastTask, State next, Scope scope, Object state, Boolean isCompleted)
   at Microsoft.AspNetCore.Mvc.Infrastructure.ResourceInvoker.<InvokeAsync>g__Awaited|17_0(ResourceInvoker invoker, Task task, IDisposable scope)
   at Microsoft.AspNetCore.Routing.EndpointMiddleware.<Invoke>g__AwaitRequestTask|6_0(Endpoint endpoint, Task requestTask, ILogger logger)
   at Microsoft.AspNetCore.Authorization.AuthorizationMiddleware.Invoke(HttpContext context)
   at Microsoft.AspNetCore.Diagnostics.DeveloperExceptionPageMiddleware.Invoke(HttpContext context)
2021-09-10 16:33:57.0374||DEBUG|RSys.Api.Api.Program|Application Starting Up 
2021-09-10 16:33:58.6728||INFO|Microsoft.Hosting.Lifetime|Application started. Press Ctrl+C to shut down. 
2021-09-10 16:33:58.6799||INFO|Microsoft.Hosting.Lifetime|Hosting environment: Development 
2021-09-10 16:33:58.6799||INFO|Microsoft.Hosting.Lifetime|Content root path: D:\code\RSys.Api\RSys.Api.Api 
2021-09-10 16:34:03.9794||ERROR|RSys.Api.Api.Controllers.BusinessTypeController|System.InvalidOperationException: Handler was not found for request of type MediatR.IRequestHandler`2[RSys.CQRS.Query.AllBusinessTypesRequest,System.Collections.Generic.List`1[RSys.Domain.Models.BusinessType]]. Register your handlers with the container. See the samples in GitHub for examples.
   at MediatR.Internal.RequestHandlerBase.GetHandler[THandler](ServiceFactory factory)
   at MediatR.Internal.RequestHandlerWrapperImpl`2.<>c__DisplayClass1_0.<Handle>g__Handler|0()
   at MediatR.Pipeline.RequestExceptionProcessorBehavior`2.Handle(TRequest request, CancellationToken cancellationToken, RequestHandlerDelegate`1 next)
   at MediatR.Pipeline.RequestExceptionProcessorBehavior`2.Handle(TRequest request, CancellationToken cancellationToken, RequestHandlerDelegate`1 next)
   at MediatR.Pipeline.RequestExceptionActionProcessorBehavior`2.Handle(TRequest request, CancellationToken cancellationToken, RequestHandlerDelegate`1 next)
   at MediatR.Pipeline.RequestExceptionActionProcessorBehavior`2.Handle(TRequest request, CancellationToken cancellationToken, RequestHandlerDelegate`1 next)
   at MediatR.Pipeline.RequestPostProcessorBehavior`2.Handle(TRequest request, CancellationToken cancellationToken, RequestHandlerDelegate`1 next)
   at MediatR.Pipeline.RequestPreProcessorBehavior`2.Handle(TRequest request, CancellationToken cancellationToken, RequestHandlerDelegate`1 next)
   at RSys.Api.Api.Controllers.BusinessTypeController.GetAsync() in D:\code\RSys.Api\RSys.Api.Api\Controllers\BusinessTypeController.cs:line 25 
2021-09-10 16:37:36.8338||DEBUG|RSys.Api.Api.Program|Application Starting Up 
2021-09-10 16:37:38.6295||INFO|Microsoft.Hosting.Lifetime|Application started. Press Ctrl+C to shut down. 
2021-09-10 16:37:38.6357||INFO|Microsoft.Hosting.Lifetime|Hosting environment: Development 
2021-09-10 16:37:38.6357||INFO|Microsoft.Hosting.Lifetime|Content root path: D:\code\RSys.Api\RSys.Api.Api 
2021-09-10 16:37:58.6277||ERROR|RSys.Api.Api.Controllers.BusinessTypeController|System.NotImplementedException: The method or operation is not implemented.
   at RSys.CQRS.Handler.AllBusinessTypesHandler.handle(AllBusinessTypesRequest request, CancellationToken cancellationToken) in D:\code\RSys.Api\RSys.CQRS\Handler\AllBusinessTypesHandler.cs:line 18
   at RSys.CQRS.BaseGetCommandHandler`2.Handle(TRequest request, CancellationToken cancellationToken) in D:\code\RSys.Api\RSys.CQRS\BaseGetCommandHandler.cs:line 44
   at MediatR.Pipeline.RequestExceptionProcessorBehavior`2.Handle(TRequest request, CancellationToken cancellationToken, RequestHandlerDelegate`1 next)
   at MediatR.Pipeline.RequestExceptionProcessorBehavior`2.Handle(TRequest request, CancellationToken cancellationToken, RequestHandlerDelegate`1 next)
   at MediatR.Pipeline.RequestExceptionActionProcessorBehavior`2.Handle(TRequest request, CancellationToken cancellationToken, RequestHandlerDelegate`1 next)
   at MediatR.Pipeline.RequestExceptionActionProcessorBehavior`2.Handle(TRequest request, CancellationToken cancellationToken, RequestHandlerDelegate`1 next)
   at MediatR.Pipeline.RequestPostProcessorBehavior`2.Handle(TRequest request, CancellationToken cancellationToken, RequestHandlerDelegate`1 next)
   at MediatR.Pipeline.RequestPreProcessorBehavior`2.Handle(TRequest request, CancellationToken cancellationToken, RequestHandlerDelegate`1 next)
   at RSys.Api.Api.Controllers.BusinessTypeController.GetAsync() in D:\code\RSys.Api\RSys.Api.Api\Controllers\BusinessTypeController.cs:line 25 
2021-09-10 16:38:15.5164||ERROR|RSys.Api.Api.Controllers.BusinessTypeController|System.NotImplementedException: The method or operation is not implemented.
   at RSys.CQRS.Handler.AllBusinessTypesHandler.handle(AllBusinessTypesRequest request, CancellationToken cancellationToken) in D:\code\RSys.Api\RSys.CQRS\Handler\AllBusinessTypesHandler.cs:line 18
   at RSys.CQRS.BaseGetCommandHandler`2.Handle(TRequest request, CancellationToken cancellationToken) in D:\code\RSys.Api\RSys.CQRS\BaseGetCommandHandler.cs:line 44
   at MediatR.Pipeline.RequestExceptionProcessorBehavior`2.Handle(TRequest request, CancellationToken cancellationToken, RequestHandlerDelegate`1 next)
   at MediatR.Pipeline.RequestExceptionProcessorBehavior`2.Handle(TRequest request, CancellationToken cancellationToken, RequestHandlerDelegate`1 next)
   at MediatR.Pipeline.RequestExceptionActionProcessorBehavior`2.Handle(TRequest request, CancellationToken cancellationToken, RequestHandlerDelegate`1 next)
   at MediatR.Pipeline.RequestExceptionActionProcessorBehavior`2.Handle(TRequest request, CancellationToken cancellationToken, RequestHandlerDelegate`1 next)
   at MediatR.Pipeline.RequestPostProcessorBehavior`2.Handle(TRequest request, CancellationToken cancellationToken, RequestHandlerDelegate`1 next)
   at MediatR.Pipeline.RequestPreProcessorBehavior`2.Handle(TRequest request, CancellationToken cancellationToken, RequestHandlerDelegate`1 next)
   at RSys.Api.Api.Controllers.BusinessTypeController.GetAsync() in D:\code\RSys.Api\RSys.Api.Api\Controllers\BusinessTypeController.cs:line 25 
2021-09-10 16:39:57.3218||DEBUG|RSys.Api.Api.Program|Application Starting Up 
2021-09-10 16:39:59.4329||INFO|Microsoft.Hosting.Lifetime|Application started. Press Ctrl+C to shut down. 
2021-09-10 16:39:59.4329||INFO|Microsoft.Hosting.Lifetime|Hosting environment: Development 
2021-09-10 16:39:59.4477||INFO|Microsoft.Hosting.Lifetime|Content root path: D:\code\RSys.Api\RSys.Api.Api 
2021-09-10 16:57:48.5854||DEBUG|RSys.Api.Api.Program|Application Starting Up 
2021-09-10 16:57:51.6372||INFO|Microsoft.Hosting.Lifetime|Application started. Press Ctrl+C to shut down. 
2021-09-10 16:57:51.6837||INFO|Microsoft.Hosting.Lifetime|Hosting environment: Development 
2021-09-10 16:57:51.6979||INFO|Microsoft.Hosting.Lifetime|Content root path: D:\code\RSys.Api\RSys.Api.Api 
2021-09-10 17:09:30.3385||DEBUG|RSys.Api.Api.Program|Application Starting Up 
2021-09-10 17:09:32.2988||INFO|Microsoft.Hosting.Lifetime|Application started. Press Ctrl+C to shut down. 
2021-09-10 17:09:32.3191||INFO|Microsoft.Hosting.Lifetime|Hosting environment: Development 
2021-09-10 17:09:32.3276||INFO|Microsoft.Hosting.Lifetime|Content root path: D:\code\RSys.Api\RSys.Api.Api 
2021-09-10 17:17:23.2960||DEBUG|RSys.Api.Api.Program|Application Starting Up 
2021-09-10 17:17:25.4630||INFO|Microsoft.Hosting.Lifetime|Application started. Press Ctrl+C to shut down. 
2021-09-10 17:17:25.4630||INFO|Microsoft.Hosting.Lifetime|Hosting environment: Development 
2021-09-10 17:17:25.4774||INFO|Microsoft.Hosting.Lifetime|Content root path: D:\code\RSys.Api\RSys.Api.Api 
2021-09-10 17:23:44.1415||DEBUG|RSys.Api.Api.Program|Application Starting Up 
2021-09-10 17:23:45.9474||INFO|Microsoft.Hosting.Lifetime|Application started. Press Ctrl+C to shut down. 
2021-09-10 17:23:45.9474||INFO|Microsoft.Hosting.Lifetime|Hosting environment: Development 
2021-09-10 17:23:45.9642||INFO|Microsoft.Hosting.Lifetime|Content root path: D:\code\RSys.Api\RSys.Api.Api 
